<?xml version="1.0" encoding="UTF-8"?>
<!-- Generated by org.testng.reporters.JUnitReportReporter -->
<testsuite hostname="shahe-alam" failures="0" tests="4" name="Headshotphoto.Test1" time="12.930" errors="0" timestamp="2025-10-14T23:48:47 IST" skipped="3">
  <testcase classname="Headshotphoto.Test1" name="testHomePage" time="12.930"/>
  <testcase classname="Headshotphoto.Test1" name="testAboutPage">
    <skipped/>
  </testcase> <!-- testAboutPage -->
  <testcase classname="Headshotphoto.Test1" name="testServicesPage">
    <skipped/>
  </testcase> <!-- testServicesPage -->
  <testcase classname="Headshotphoto.Test1" name="testContactPage">
    <skipped/>
  </testcase> <!-- testContactPage -->
</testsuite> <!-- Headshotphoto.Test1 -->
