<?xml version="1.0" encoding="UTF-8"?>
<testsuite xmlns:xsi="http://www.w3.org/2001/XMLSchema-instance" xsi:noNamespaceSchemaLocation="https://maven.apache.org/surefire/maven-surefire-plugin/xsd/surefire-test-report-3.0.xsd" version="3.0" name="Broken_link_checker.Broken_link_checker.AppTest" time="0.184" tests="0" errors="0" skipped="0" failures="0">
  <properties>
    <property name="java.specification.version" value="19"/>
    <property name="sun.jnu.encoding" value="UTF-8"/>
    <property name="java.class.path" value="/home/shahid/eclipse-workspace/headshotwebsite-link/Broken_link_checker/target/test-classes:/home/shahid/eclipse-workspace/headshotwebsite-link/Broken_link_checker/target/classes:/home/shahid/.m2/repository/junit/junit/3.8.1/junit-3.8.1.jar:/home/shahid/.m2/repository/org/seleniumhq/selenium/selenium-java/4.27.0/selenium-java-4.27.0.jar:/home/shahid/.m2/repository/org/seleniumhq/selenium/selenium-api/4.27.0/selenium-api-4.27.0.jar:/home/shahid/.m2/repository/org/jspecify/jspecify/1.0.0/jspecify-1.0.0.jar:/home/shahid/.m2/repository/org/seleniumhq/selenium/selenium-chrome-driver/4.27.0/selenium-chrome-driver-4.27.0.jar:/home/shahid/.m2/repository/com/google/auto/service/auto-service-annotations/1.1.1/auto-service-annotations-1.1.1.jar:/home/shahid/.m2/repository/org/seleniumhq/selenium/selenium-chromium-driver/4.27.0/selenium-chromium-driver-4.27.0.jar:/home/shahid/.m2/repository/org/seleniumhq/selenium/selenium-json/4.27.0/selenium-json-4.27.0.jar:/home/shahid/.m2/repository/org/seleniumhq/selenium/selenium-manager/4.27.0/selenium-manager-4.27.0.jar:/home/shahid/.m2/repository/org/seleniumhq/selenium/selenium-devtools-v129/4.27.0/selenium-devtools-v129-4.27.0.jar:/home/shahid/.m2/repository/org/seleniumhq/selenium/selenium-devtools-v130/4.27.0/selenium-devtools-v130-4.27.0.jar:/home/shahid/.m2/repository/org/seleniumhq/selenium/selenium-devtools-v131/4.27.0/selenium-devtools-v131-4.27.0.jar:/home/shahid/.m2/repository/org/seleniumhq/selenium/selenium-devtools-v85/4.27.0/selenium-devtools-v85-4.27.0.jar:/home/shahid/.m2/repository/org/seleniumhq/selenium/selenium-edge-driver/4.27.0/selenium-edge-driver-4.27.0.jar:/home/shahid/.m2/repository/org/seleniumhq/selenium/selenium-firefox-driver/4.27.0/selenium-firefox-driver-4.27.0.jar:/home/shahid/.m2/repository/org/seleniumhq/selenium/selenium-http/4.27.0/selenium-http-4.27.0.jar:/home/shahid/.m2/repository/dev/failsafe/failsafe/3.3.2/failsafe-3.3.2.jar:/home/shahid/.m2/repository/org/seleniumhq/selenium/selenium-ie-driver/4.27.0/selenium-ie-driver-4.27.0.jar:/home/shahid/.m2/repository/org/seleniumhq/selenium/selenium-remote-driver/4.27.0/selenium-remote-driver-4.27.0.jar:/home/shahid/.m2/repository/com/google/guava/guava/33.3.1-jre/guava-33.3.1-jre.jar:/home/shahid/.m2/repository/com/google/guava/failureaccess/1.0.2/failureaccess-1.0.2.jar:/home/shahid/.m2/repository/com/google/guava/listenablefuture/9999.0-empty-to-avoid-conflict-with-guava/listenablefuture-9999.0-empty-to-avoid-conflict-with-guava.jar:/home/shahid/.m2/repository/com/google/code/findbugs/jsr305/3.0.2/jsr305-3.0.2.jar:/home/shahid/.m2/repository/org/checkerframework/checker-qual/3.43.0/checker-qual-3.43.0.jar:/home/shahid/.m2/repository/com/google/j2objc/j2objc-annotations/3.0.0/j2objc-annotations-3.0.0.jar:/home/shahid/.m2/repository/io/opentelemetry/semconv/opentelemetry-semconv/1.25.0-alpha/opentelemetry-semconv-1.25.0-alpha.jar:/home/shahid/.m2/repository/io/opentelemetry/opentelemetry-api/1.44.1/opentelemetry-api-1.44.1.jar:/home/shahid/.m2/repository/io/opentelemetry/opentelemetry-context/1.44.1/opentelemetry-context-1.44.1.jar:/home/shahid/.m2/repository/io/opentelemetry/opentelemetry-exporter-logging/1.44.1/opentelemetry-exporter-logging-1.44.1.jar:/home/shahid/.m2/repository/io/opentelemetry/opentelemetry-sdk-common/1.44.1/opentelemetry-sdk-common-1.44.1.jar:/home/shahid/.m2/repository/io/opentelemetry/opentelemetry-sdk-extension-autoconfigure-spi/1.44.1/opentelemetry-sdk-extension-autoconfigure-spi-1.44.1.jar:/home/shahid/.m2/repository/io/opentelemetry/opentelemetry-sdk-extension-autoconfigure/1.44.1/opentelemetry-sdk-extension-autoconfigure-1.44.1.jar:/home/shahid/.m2/repository/io/opentelemetry/opentelemetry-api-incubator/1.44.1-alpha/opentelemetry-api-incubator-1.44.1-alpha.jar:/home/shahid/.m2/repository/io/opentelemetry/opentelemetry-sdk-trace/1.44.1/opentelemetry-sdk-trace-1.44.1.jar:/home/shahid/.m2/repository/io/opentelemetry/opentelemetry-sdk/1.44.1/opentelemetry-sdk-1.44.1.jar:/home/shahid/.m2/repository/io/opentelemetry/opentelemetry-sdk-metrics/1.44.1/opentelemetry-sdk-metrics-1.44.1.jar:/home/shahid/.m2/repository/io/opentelemetry/opentelemetry-sdk-logs/1.44.1/opentelemetry-sdk-logs-1.44.1.jar:/home/shahid/.m2/repository/net/bytebuddy/byte-buddy/1.15.10/byte-buddy-1.15.10.jar:/home/shahid/.m2/repository/org/seleniumhq/selenium/selenium-os/4.27.0/selenium-os-4.27.0.jar:/home/shahid/.m2/repository/org/apache/commons/commons-exec/1.4.0/commons-exec-1.4.0.jar:/home/shahid/.m2/repository/org/seleniumhq/selenium/selenium-safari-driver/4.27.0/selenium-safari-driver-4.27.0.jar:/home/shahid/.m2/repository/org/seleniumhq/selenium/selenium-support/4.27.0/selenium-support-4.27.0.jar:/home/shahid/.m2/repository/org/testng/testng/7.10.2/testng-7.10.2.jar:/home/shahid/.m2/repository/org/slf4j/slf4j-api/1.7.36/slf4j-api-1.7.36.jar:/home/shahid/.m2/repository/org/webjars/jquery/3.7.1/jquery-3.7.1.jar:/home/shahid/.m2/repository/io/github/bonigarcia/webdrivermanager/5.9.2/webdrivermanager-5.9.2.jar:/home/shahid/.m2/repository/com/google/code/gson/gson/2.11.0/gson-2.11.0.jar:/home/shahid/.m2/repository/com/google/errorprone/error_prone_annotations/2.27.0/error_prone_annotations-2.27.0.jar:/home/shahid/.m2/repository/com/github/docker-java/docker-java/3.4.0/docker-java-3.4.0.jar:/home/shahid/.m2/repository/com/github/docker-java/docker-java-core/3.4.0/docker-java-core-3.4.0.jar:/home/shahid/.m2/repository/com/github/docker-java/docker-java-api/3.4.0/docker-java-api-3.4.0.jar:/home/shahid/.m2/repository/com/fasterxml/jackson/core/jackson-annotations/2.10.3/jackson-annotations-2.10.3.jar:/home/shahid/.m2/repository/com/fasterxml/jackson/core/jackson-databind/2.10.3/jackson-databind-2.10.3.jar:/home/shahid/.m2/repository/com/fasterxml/jackson/core/jackson-core/2.10.3/jackson-core-2.10.3.jar:/home/shahid/.m2/repository/org/slf4j/jcl-over-slf4j/1.7.30/jcl-over-slf4j-1.7.30.jar:/home/shahid/.m2/repository/com/github/docker-java/docker-java-transport-httpclient5/3.4.0/docker-java-transport-httpclient5-3.4.0.jar:/home/shahid/.m2/repository/com/github/docker-java/docker-java-transport/3.4.0/docker-java-transport-3.4.0.jar:/home/shahid/.m2/repository/net/java/dev/jna/jna/5.13.0/jna-5.13.0.jar:/home/shahid/.m2/repository/org/brotli/dec/0.1.2/dec-0.1.2.jar:/home/shahid/.m2/repository/org/apache/commons/commons-lang3/3.15.0/commons-lang3-3.15.0.jar:/home/shahid/.m2/repository/org/apache/commons/commons-compress/1.26.2/commons-compress-1.26.2.jar:/home/shahid/.m2/repository/org/apache/httpcomponents/client5/httpclient5/5.2.1/httpclient5-5.2.1.jar:/home/shahid/.m2/repository/org/apache/httpcomponents/core5/httpcore5/5.2/httpcore5-5.2.jar:/home/shahid/.m2/repository/org/apache/httpcomponents/core5/httpcore5-h2/5.2/httpcore5-h2-5.2.jar:/home/shahid/.m2/repository/org/uncommons/reportng/1.1.4/reportng-1.1.4.jar:/home/shahid/.m2/repository/velocity/velocity/1.4/velocity-1.4.jar:/home/shahid/.m2/repository/velocity/velocity-dep/1.4/velocity-dep-1.4.jar:/home/shahid/.m2/repository/org/apache/poi/poi/5.3.0/poi-5.3.0.jar:/home/shahid/.m2/repository/commons-codec/commons-codec/1.17.0/commons-codec-1.17.0.jar:/home/shahid/.m2/repository/org/apache/commons/commons-math3/3.6.1/commons-math3-3.6.1.jar:/home/shahid/.m2/repository/commons-io/commons-io/2.16.1/commons-io-2.16.1.jar:/home/shahid/.m2/repository/com/zaxxer/SparseBitSet/1.3/SparseBitSet-1.3.jar:/home/shahid/.m2/repository/org/apache/logging/log4j/log4j-api/2.23.1/log4j-api-2.23.1.jar:/home/shahid/.m2/repository/org/apache/logging/log4j/log4j-core/3.0.0-beta3/log4j-core-3.0.0-beta3.jar:/home/shahid/.m2/repository/org/apache/logging/log4j/log4j-kit/3.0.0-beta3/log4j-kit-3.0.0-beta3.jar:/home/shahid/.m2/repository/org/apache/logging/log4j/log4j-plugins/3.0.0-beta3/log4j-plugins-3.0.0-beta3.jar:/home/shahid/.m2/repository/org/apache/poi/poi-ooxml/5.3.0/poi-ooxml-5.3.0.jar:/home/shahid/.m2/repository/org/apache/poi/poi-ooxml-lite/5.3.0/poi-ooxml-lite-5.3.0.jar:/home/shahid/.m2/repository/org/apache/xmlbeans/xmlbeans/5.2.1/xmlbeans-5.2.1.jar:/home/shahid/.m2/repository/com/github/virtuald/curvesapi/1.08/curvesapi-1.08.jar:/home/shahid/.m2/repository/org/apache/commons/commons-collections4/4.5.0-M3/commons-collections4-4.5.0-M3.jar:/home/shahid/.m2/repository/org/odftoolkit/odfdom-java/0.8.7/odfdom-java-0.8.7.jar:/home/shahid/.m2/repository/xerces/xercesImpl/2.9.1/xercesImpl-2.9.1.jar:/home/shahid/.m2/repository/xml-apis/xml-apis/1.3.04/xml-apis-1.3.04.jar:/home/shahid/.m2/repository/log4j/log4j/1.2.17/log4j-1.2.17.jar:/home/shahid/.m2/repository/com/sun/mail/javax.mail/1.6.2/javax.mail-1.6.2.jar:/home/shahid/.m2/repository/javax/activation/activation/1.1/activation-1.1.jar:/home/shahid/.m2/repository/io/cucumber/cucumber-java/7.27.0/cucumber-java-7.27.0.jar:/home/shahid/.m2/repository/org/apiguardian/apiguardian-api/1.1.2/apiguardian-api-1.1.2.jar:/home/shahid/.m2/repository/io/cucumber/cucumber-junit/7.27.0/cucumber-junit-7.27.0.jar:/home/shahid/.m2/repository/io/cucumber/cucumber-core/7.27.0/cucumber-core-7.27.0.jar:/home/shahid/.m2/repository/io/cucumber/cucumber-gherkin/7.27.0/cucumber-gherkin-7.27.0.jar:/home/shahid/.m2/repository/io/cucumber/cucumber-gherkin-messages/7.27.0/cucumber-gherkin-messages-7.27.0.jar:/home/shahid/.m2/repository/io/cucumber/gherkin/33.1.0/gherkin-33.1.0.jar:/home/shahid/.m2/repository/io/cucumber/messages/28.1.0/messages-28.1.0.jar:/home/shahid/.m2/repository/io/cucumber/pretty-formatter/2.0.1/pretty-formatter-2.0.1.jar:/home/shahid/.m2/repository/io/cucumber/query/13.6.0/query-13.6.0.jar:/home/shahid/.m2/repository/io/cucumber/testng-xml-formatter/0.5.0/testng-xml-formatter-0.5.0.jar:/home/shahid/.m2/repository/io/cucumber/tag-expressions/6.1.2/tag-expressions-6.1.2.jar:/home/shahid/.m2/repository/io/cucumber/cucumber-expressions/18.0.1/cucumber-expressions-18.0.1.jar:/home/shahid/.m2/repository/io/cucumber/datatable/7.27.0/datatable-7.27.0.jar:/home/shahid/.m2/repository/io/cucumber/cucumber-plugin/7.27.0/cucumber-plugin-7.27.0.jar:/home/shahid/.m2/repository/io/cucumber/docstring/7.27.0/docstring-7.27.0.jar:/home/shahid/.m2/repository/io/cucumber/html-formatter/21.13.0/html-formatter-21.13.0.jar:/home/shahid/.m2/repository/io/cucumber/junit-xml-formatter/0.8.0/junit-xml-formatter-0.8.0.jar:/home/shahid/.m2/repository/io/cucumber/ci-environment/10.0.1/ci-environment-10.0.1.jar:/home/shahid/.m2/repository/com/beust/jcommander/1.78/jcommander-1.78.jar:"/>
    <property name="java.vm.vendor" value="Private Build"/>
    <property name="sun.arch.data.model" value="64"/>
    <property name="java.vendor.url" value="Unknown"/>
    <property name="user.timezone" value="Asia/Kolkata"/>
    <property name="os.name" value="Linux"/>
    <property name="java.vm.specification.version" value="19"/>
    <property name="sun.java.launcher" value="SUN_STANDARD"/>
    <property name="user.country" value="IN"/>
    <property name="sun.boot.library.path" value="/usr/lib/jvm/java-19-openjdk-amd64/lib"/>
    <property name="sun.java.command" value="/home/shahid/eclipse-workspace/headshotwebsite-link/Broken_link_checker/target/surefire/surefirebooter-20251014113204051_3.jar /home/shahid/eclipse-workspace/headshotwebsite-link/Broken_link_checker/target/surefire 2025-10-14T11-32-03_995-jvmRun1 surefire-20251014113204051_1tmp surefire_0-20251014113204051_2tmp"/>
    <property name="jdk.debug" value="release"/>
    <property name="surefire.test.class.path" value="/home/shahid/eclipse-workspace/headshotwebsite-link/Broken_link_checker/target/test-classes:/home/shahid/eclipse-workspace/headshotwebsite-link/Broken_link_checker/target/classes:/home/shahid/.m2/repository/junit/junit/3.8.1/junit-3.8.1.jar:/home/shahid/.m2/repository/org/seleniumhq/selenium/selenium-java/4.27.0/selenium-java-4.27.0.jar:/home/shahid/.m2/repository/org/seleniumhq/selenium/selenium-api/4.27.0/selenium-api-4.27.0.jar:/home/shahid/.m2/repository/org/jspecify/jspecify/1.0.0/jspecify-1.0.0.jar:/home/shahid/.m2/repository/org/seleniumhq/selenium/selenium-chrome-driver/4.27.0/selenium-chrome-driver-4.27.0.jar:/home/shahid/.m2/repository/com/google/auto/service/auto-service-annotations/1.1.1/auto-service-annotations-1.1.1.jar:/home/shahid/.m2/repository/org/seleniumhq/selenium/selenium-chromium-driver/4.27.0/selenium-chromium-driver-4.27.0.jar:/home/shahid/.m2/repository/org/seleniumhq/selenium/selenium-json/4.27.0/selenium-json-4.27.0.jar:/home/shahid/.m2/repository/org/seleniumhq/selenium/selenium-manager/4.27.0/selenium-manager-4.27.0.jar:/home/shahid/.m2/repository/org/seleniumhq/selenium/selenium-devtools-v129/4.27.0/selenium-devtools-v129-4.27.0.jar:/home/shahid/.m2/repository/org/seleniumhq/selenium/selenium-devtools-v130/4.27.0/selenium-devtools-v130-4.27.0.jar:/home/shahid/.m2/repository/org/seleniumhq/selenium/selenium-devtools-v131/4.27.0/selenium-devtools-v131-4.27.0.jar:/home/shahid/.m2/repository/org/seleniumhq/selenium/selenium-devtools-v85/4.27.0/selenium-devtools-v85-4.27.0.jar:/home/shahid/.m2/repository/org/seleniumhq/selenium/selenium-edge-driver/4.27.0/selenium-edge-driver-4.27.0.jar:/home/shahid/.m2/repository/org/seleniumhq/selenium/selenium-firefox-driver/4.27.0/selenium-firefox-driver-4.27.0.jar:/home/shahid/.m2/repository/org/seleniumhq/selenium/selenium-http/4.27.0/selenium-http-4.27.0.jar:/home/shahid/.m2/repository/dev/failsafe/failsafe/3.3.2/failsafe-3.3.2.jar:/home/shahid/.m2/repository/org/seleniumhq/selenium/selenium-ie-driver/4.27.0/selenium-ie-driver-4.27.0.jar:/home/shahid/.m2/repository/org/seleniumhq/selenium/selenium-remote-driver/4.27.0/selenium-remote-driver-4.27.0.jar:/home/shahid/.m2/repository/com/google/guava/guava/33.3.1-jre/guava-33.3.1-jre.jar:/home/shahid/.m2/repository/com/google/guava/failureaccess/1.0.2/failureaccess-1.0.2.jar:/home/shahid/.m2/repository/com/google/guava/listenablefuture/9999.0-empty-to-avoid-conflict-with-guava/listenablefuture-9999.0-empty-to-avoid-conflict-with-guava.jar:/home/shahid/.m2/repository/com/google/code/findbugs/jsr305/3.0.2/jsr305-3.0.2.jar:/home/shahid/.m2/repository/org/checkerframework/checker-qual/3.43.0/checker-qual-3.43.0.jar:/home/shahid/.m2/repository/com/google/j2objc/j2objc-annotations/3.0.0/j2objc-annotations-3.0.0.jar:/home/shahid/.m2/repository/io/opentelemetry/semconv/opentelemetry-semconv/1.25.0-alpha/opentelemetry-semconv-1.25.0-alpha.jar:/home/shahid/.m2/repository/io/opentelemetry/opentelemetry-api/1.44.1/opentelemetry-api-1.44.1.jar:/home/shahid/.m2/repository/io/opentelemetry/opentelemetry-context/1.44.1/opentelemetry-context-1.44.1.jar:/home/shahid/.m2/repository/io/opentelemetry/opentelemetry-exporter-logging/1.44.1/opentelemetry-exporter-logging-1.44.1.jar:/home/shahid/.m2/repository/io/opentelemetry/opentelemetry-sdk-common/1.44.1/opentelemetry-sdk-common-1.44.1.jar:/home/shahid/.m2/repository/io/opentelemetry/opentelemetry-sdk-extension-autoconfigure-spi/1.44.1/opentelemetry-sdk-extension-autoconfigure-spi-1.44.1.jar:/home/shahid/.m2/repository/io/opentelemetry/opentelemetry-sdk-extension-autoconfigure/1.44.1/opentelemetry-sdk-extension-autoconfigure-1.44.1.jar:/home/shahid/.m2/repository/io/opentelemetry/opentelemetry-api-incubator/1.44.1-alpha/opentelemetry-api-incubator-1.44.1-alpha.jar:/home/shahid/.m2/repository/io/opentelemetry/opentelemetry-sdk-trace/1.44.1/opentelemetry-sdk-trace-1.44.1.jar:/home/shahid/.m2/repository/io/opentelemetry/opentelemetry-sdk/1.44.1/opentelemetry-sdk-1.44.1.jar:/home/shahid/.m2/repository/io/opentelemetry/opentelemetry-sdk-metrics/1.44.1/opentelemetry-sdk-metrics-1.44.1.jar:/home/shahid/.m2/repository/io/opentelemetry/opentelemetry-sdk-logs/1.44.1/opentelemetry-sdk-logs-1.44.1.jar:/home/shahid/.m2/repository/net/bytebuddy/byte-buddy/1.15.10/byte-buddy-1.15.10.jar:/home/shahid/.m2/repository/org/seleniumhq/selenium/selenium-os/4.27.0/selenium-os-4.27.0.jar:/home/shahid/.m2/repository/org/apache/commons/commons-exec/1.4.0/commons-exec-1.4.0.jar:/home/shahid/.m2/repository/org/seleniumhq/selenium/selenium-safari-driver/4.27.0/selenium-safari-driver-4.27.0.jar:/home/shahid/.m2/repository/org/seleniumhq/selenium/selenium-support/4.27.0/selenium-support-4.27.0.jar:/home/shahid/.m2/repository/org/testng/testng/7.10.2/testng-7.10.2.jar:/home/shahid/.m2/repository/org/slf4j/slf4j-api/1.7.36/slf4j-api-1.7.36.jar:/home/shahid/.m2/repository/org/webjars/jquery/3.7.1/jquery-3.7.1.jar:/home/shahid/.m2/repository/io/github/bonigarcia/webdrivermanager/5.9.2/webdrivermanager-5.9.2.jar:/home/shahid/.m2/repository/com/google/code/gson/gson/2.11.0/gson-2.11.0.jar:/home/shahid/.m2/repository/com/google/errorprone/error_prone_annotations/2.27.0/error_prone_annotations-2.27.0.jar:/home/shahid/.m2/repository/com/github/docker-java/docker-java/3.4.0/docker-java-3.4.0.jar:/home/shahid/.m2/repository/com/github/docker-java/docker-java-core/3.4.0/docker-java-core-3.4.0.jar:/home/shahid/.m2/repository/com/github/docker-java/docker-java-api/3.4.0/docker-java-api-3.4.0.jar:/home/shahid/.m2/repository/com/fasterxml/jackson/core/jackson-annotations/2.10.3/jackson-annotations-2.10.3.jar:/home/shahid/.m2/repository/com/fasterxml/jackson/core/jackson-databind/2.10.3/jackson-databind-2.10.3.jar:/home/shahid/.m2/repository/com/fasterxml/jackson/core/jackson-core/2.10.3/jackson-core-2.10.3.jar:/home/shahid/.m2/repository/org/slf4j/jcl-over-slf4j/1.7.30/jcl-over-slf4j-1.7.30.jar:/home/shahid/.m2/repository/com/github/docker-java/docker-java-transport-httpclient5/3.4.0/docker-java-transport-httpclient5-3.4.0.jar:/home/shahid/.m2/repository/com/github/docker-java/docker-java-transport/3.4.0/docker-java-transport-3.4.0.jar:/home/shahid/.m2/repository/net/java/dev/jna/jna/5.13.0/jna-5.13.0.jar:/home/shahid/.m2/repository/org/brotli/dec/0.1.2/dec-0.1.2.jar:/home/shahid/.m2/repository/org/apache/commons/commons-lang3/3.15.0/commons-lang3-3.15.0.jar:/home/shahid/.m2/repository/org/apache/commons/commons-compress/1.26.2/commons-compress-1.26.2.jar:/home/shahid/.m2/repository/org/apache/httpcomponents/client5/httpclient5/5.2.1/httpclient5-5.2.1.jar:/home/shahid/.m2/repository/org/apache/httpcomponents/core5/httpcore5/5.2/httpcore5-5.2.jar:/home/shahid/.m2/repository/org/apache/httpcomponents/core5/httpcore5-h2/5.2/httpcore5-h2-5.2.jar:/home/shahid/.m2/repository/org/uncommons/reportng/1.1.4/reportng-1.1.4.jar:/home/shahid/.m2/repository/velocity/velocity/1.4/velocity-1.4.jar:/home/shahid/.m2/repository/velocity/velocity-dep/1.4/velocity-dep-1.4.jar:/home/shahid/.m2/repository/org/apache/poi/poi/5.3.0/poi-5.3.0.jar:/home/shahid/.m2/repository/commons-codec/commons-codec/1.17.0/commons-codec-1.17.0.jar:/home/shahid/.m2/repository/org/apache/commons/commons-math3/3.6.1/commons-math3-3.6.1.jar:/home/shahid/.m2/repository/commons-io/commons-io/2.16.1/commons-io-2.16.1.jar:/home/shahid/.m2/repository/com/zaxxer/SparseBitSet/1.3/SparseBitSet-1.3.jar:/home/shahid/.m2/repository/org/apache/logging/log4j/log4j-api/2.23.1/log4j-api-2.23.1.jar:/home/shahid/.m2/repository/org/apache/logging/log4j/log4j-core/3.0.0-beta3/log4j-core-3.0.0-beta3.jar:/home/shahid/.m2/repository/org/apache/logging/log4j/log4j-kit/3.0.0-beta3/log4j-kit-3.0.0-beta3.jar:/home/shahid/.m2/repository/org/apache/logging/log4j/log4j-plugins/3.0.0-beta3/log4j-plugins-3.0.0-beta3.jar:/home/shahid/.m2/repository/org/apache/poi/poi-ooxml/5.3.0/poi-ooxml-5.3.0.jar:/home/shahid/.m2/repository/org/apache/poi/poi-ooxml-lite/5.3.0/poi-ooxml-lite-5.3.0.jar:/home/shahid/.m2/repository/org/apache/xmlbeans/xmlbeans/5.2.1/xmlbeans-5.2.1.jar:/home/shahid/.m2/repository/com/github/virtuald/curvesapi/1.08/curvesapi-1.08.jar:/home/shahid/.m2/repository/org/apache/commons/commons-collections4/4.5.0-M3/commons-collections4-4.5.0-M3.jar:/home/shahid/.m2/repository/org/odftoolkit/odfdom-java/0.8.7/odfdom-java-0.8.7.jar:/home/shahid/.m2/repository/xerces/xercesImpl/2.9.1/xercesImpl-2.9.1.jar:/home/shahid/.m2/repository/xml-apis/xml-apis/1.3.04/xml-apis-1.3.04.jar:/home/shahid/.m2/repository/log4j/log4j/1.2.17/log4j-1.2.17.jar:/home/shahid/.m2/repository/com/sun/mail/javax.mail/1.6.2/javax.mail-1.6.2.jar:/home/shahid/.m2/repository/javax/activation/activation/1.1/activation-1.1.jar:/home/shahid/.m2/repository/io/cucumber/cucumber-java/7.27.0/cucumber-java-7.27.0.jar:/home/shahid/.m2/repository/org/apiguardian/apiguardian-api/1.1.2/apiguardian-api-1.1.2.jar:/home/shahid/.m2/repository/io/cucumber/cucumber-junit/7.27.0/cucumber-junit-7.27.0.jar:/home/shahid/.m2/repository/io/cucumber/cucumber-core/7.27.0/cucumber-core-7.27.0.jar:/home/shahid/.m2/repository/io/cucumber/cucumber-gherkin/7.27.0/cucumber-gherkin-7.27.0.jar:/home/shahid/.m2/repository/io/cucumber/cucumber-gherkin-messages/7.27.0/cucumber-gherkin-messages-7.27.0.jar:/home/shahid/.m2/repository/io/cucumber/gherkin/33.1.0/gherkin-33.1.0.jar:/home/shahid/.m2/repository/io/cucumber/messages/28.1.0/messages-28.1.0.jar:/home/shahid/.m2/repository/io/cucumber/pretty-formatter/2.0.1/pretty-formatter-2.0.1.jar:/home/shahid/.m2/repository/io/cucumber/query/13.6.0/query-13.6.0.jar:/home/shahid/.m2/repository/io/cucumber/testng-xml-formatter/0.5.0/testng-xml-formatter-0.5.0.jar:/home/shahid/.m2/repository/io/cucumber/tag-expressions/6.1.2/tag-expressions-6.1.2.jar:/home/shahid/.m2/repository/io/cucumber/cucumber-expressions/18.0.1/cucumber-expressions-18.0.1.jar:/home/shahid/.m2/repository/io/cucumber/datatable/7.27.0/datatable-7.27.0.jar:/home/shahid/.m2/repository/io/cucumber/cucumber-plugin/7.27.0/cucumber-plugin-7.27.0.jar:/home/shahid/.m2/repository/io/cucumber/docstring/7.27.0/docstring-7.27.0.jar:/home/shahid/.m2/repository/io/cucumber/html-formatter/21.13.0/html-formatter-21.13.0.jar:/home/shahid/.m2/repository/io/cucumber/junit-xml-formatter/0.8.0/junit-xml-formatter-0.8.0.jar:/home/shahid/.m2/repository/io/cucumber/ci-environment/10.0.1/ci-environment-10.0.1.jar:/home/shahid/.m2/repository/com/beust/jcommander/1.78/jcommander-1.78.jar:"/>
    <property name="sun.cpu.endian" value="little"/>
    <property name="user.home" value="/home/shahid"/>
    <property name="user.language" value="en"/>
    <property name="java.specification.vendor" value="Oracle Corporation"/>
    <property name="java.version.date" value="2023-01-17"/>
    <property name="java.home" value="/usr/lib/jvm/java-19-openjdk-amd64"/>
    <property name="file.separator" value="/"/>
    <property name="basedir" value="/home/shahid/eclipse-workspace/headshotwebsite-link/Broken_link_checker"/>
    <property name="style.color" value="always"/>
    <property name="java.vm.compressedOopsMode" value="Zero based"/>
    <property name="line.separator" value="&#10;"/>
    <property name="java.specification.name" value="Java Platform API Specification"/>
    <property name="java.vm.specification.vendor" value="Oracle Corporation"/>
    <property name="surefire.real.class.path" value="/home/shahid/eclipse-workspace/headshotwebsite-link/Broken_link_checker/target/surefire/surefirebooter-20251014113204051_3.jar"/>
    <property name="sun.management.compiler" value="HotSpot 64-Bit Tiered Compilers"/>
    <property name="java.runtime.version" value="19.0.2+7-Ubuntu-0ubuntu322.04"/>
    <property name="user.name" value="shahid"/>
    <property name="stdout.encoding" value="UTF-8"/>
    <property name="path.separator" value=":"/>
    <property name="os.version" value="6.8.0-85-generic"/>
    <property name="java.runtime.name" value="OpenJDK Runtime Environment"/>
    <property name="file.encoding" value="UTF-8"/>
    <property name="java.vm.name" value="OpenJDK 64-Bit Server VM"/>
    <property name="localRepository" value="/home/shahid/.m2/repository"/>
    <property name="java.vendor.url.bug" value="Unknown"/>
    <property name="java.io.tmpdir" value="/tmp"/>
    <property name="java.version" value="19.0.2"/>
    <property name="user.dir" value="/home/shahid/eclipse-workspace/headshotwebsite-link/Broken_link_checker"/>
    <property name="os.arch" value="amd64"/>
    <property name="java.vm.specification.name" value="Java Virtual Machine Specification"/>
    <property name="native.encoding" value="UTF-8"/>
    <property name="java.library.path" value="/usr/java/packages/lib:/usr/lib/x86_64-linux-gnu/jni:/lib/x86_64-linux-gnu:/usr/lib/x86_64-linux-gnu:/usr/lib/jni:/lib:/usr/lib"/>
    <property name="java.vm.info" value="mixed mode, sharing"/>
    <property name="stderr.encoding" value="UTF-8"/>
    <property name="java.vendor" value="Private Build"/>
    <property name="java.vm.version" value="19.0.2+7-Ubuntu-0ubuntu322.04"/>
    <property name="sun.io.unicode.encoding" value="UnicodeLittle"/>
    <property name="java.class.version" value="63.0"/>
  </properties>
</testsuite>