<?xml version="1.0" encoding="UTF-8"?>
<!-- Generated by org.testng.reporters.JUnitReportReporter -->
<testsuite hostname="shahe-alam" failures="0" tests="5" name="Headshotphoto.Test1" time="2.387" errors="0" timestamp="2025-10-15T12:39:12 IST" skipped="0">
  <testcase classname="Headshotphoto.Test1" name="verifyHomePageTitleAndLogo" time="0.049"/>
  <testcase classname="Headshotphoto.Test1" name="verifyHeroSection" time="0.034"/>
  <testcase classname="Headshotphoto.Test1" name="verifyPricingNavigation" time="1.665"/>
  <testcase classname="Headshotphoto.Test1" name="verifyFAQNavigation" time="0.017"/>
  <testcase classname="Headshotphoto.Test1" name="verifyCreateHeadshotButton" time="0.622"/>
</testsuite> <!-- Headshotphoto.Test1 -->
